2026-07-08 11:33:57,823 - Namespace(data_dir='./data/', output_dir='output/', data_name='Beauty', do_eval=False, load_model=None, train_name='BSARec_iPCMv3_SFNS_Beauty_final', num_items=10, num_users=22364, lr=0.0005, batch_size=256, epochs=200, no_cuda=False, log_freq=1, patience=10, num_workers=4, seed=42, weight_decay=0.0, adam_beta1=0.9, adam_beta2=0.999, gpu_id='0', variance=5, model_type='BSARec', max_seq_length=50, hidden_size=64, num_hidden_layers=2, hidden_act='gelu', num_attention_heads=1, attention_probs_dropout_prob=0.5, hidden_dropout_prob=0.5, initializer_range=0.02, c=7, alpha=0.3, ipcm=True, ipcm_lambda=0.001, ipcm_tau=0.2, ipcm_window_size=20, ipcm_neg_mode='sfns', ipcm_sfns_candidates=20, ipcm_sfns_rho=0.95, ipcm_no_gate=False, ipcm_high_freq_only=False, ipcm_gate=True, cuda_condition=True, data_file='./data/Beauty.txt', item_size=12102, checkpoint_path='output/BSARec_iPCMv3_SFNS_Beauty_final.pt', same_target_path='./data/Beauty_same_target.npy')
2026-07-08 11:33:57,844 - BSARecModel(
  (item_embeddings): Embedding(12102, 64, padding_idx=0)
  (position_embeddings): Embedding(50, 64)
  (LayerNorm): LayerNorm()
  (dropout): Dropout(p=0.5, inplace=False)
  (item_encoder): BSARecEncoder(
    (blocks): ModuleList(
      (0-1): 2 x BSARecBlock(
        (layer): BSARecLayer(
          (filter_layer): FrequencyLayer(
            (out_dropout): Dropout(p=0.5, inplace=False)
            (LayerNorm): LayerNorm()
          )
          (attention_layer): MultiHeadAttention(
            (query): Linear(in_features=64, out_features=64, bias=True)
            (key): Linear(in_features=64, out_features=64, bias=True)
            (value): Linear(in_features=64, out_features=64, bias=True)
            (softmax): Softmax(dim=-1)
            (attn_dropout): Dropout(p=0.5, inplace=False)
            (dense): Linear(in_features=64, out_features=64, bias=True)
            (LayerNorm): LayerNorm((64,), eps=1e-12, elementwise_affine=True, bias=True)
            (out_dropout): Dropout(p=0.5, inplace=False)
          )
        )
        (feed_forward): FeedForward(
          (dense_1): Linear(in_features=64, out_features=256, bias=True)
          (dense_2): Linear(in_features=256, out_features=64, bias=True)
          (LayerNorm): LayerNorm()
          (dropout): Dropout(p=0.5, inplace=False)
        )
      )
    )
  )
)
2026-07-08 11:33:59,266 - Total Parameters: 878208
2026-07-08 11:34:22,033 - {'epoch': 0, 'rec_loss': '8.8567'}
2026-07-08 11:34:27,632 - {'Epoch': 0, 'HR@5': '0.0114', 'NDCG@5': '0.0073', 'HR@10': '0.0220', 'NDCG@10': '0.0107', 'HR@20': '0.0357', 'NDCG@20': '0.0142'}
2026-07-08 11:34:27,634 - Validation score increased.  Saving model ...
2026-07-08 11:34:45,745 - {'epoch': 1, 'rec_loss': '8.4367'}
2026-07-08 11:34:51,471 - {'Epoch': 1, 'HR@5': '0.0216', 'NDCG@5': '0.0136', 'HR@10': '0.0389', 'NDCG@10': '0.0191', 'HR@20': '0.0578', 'NDCG@20': '0.0238'}
2026-07-08 11:34:51,474 - Validation score increased.  Saving model ...
2026-07-08 11:35:15,182 - {'epoch': 2, 'rec_loss': '8.1661'}
2026-07-08 11:35:20,467 - {'Epoch': 2, 'HR@5': '0.0356', 'NDCG@5': '0.0231', 'HR@10': '0.0539', 'NDCG@10': '0.0290', 'HR@20': '0.0798', 'NDCG@20': '0.0355'}
2026-07-08 11:35:20,469 - Validation score increased.  Saving model ...
2026-07-08 11:35:40,630 - {'epoch': 3, 'rec_loss': '7.9189'}
2026-07-08 11:35:46,023 - {'Epoch': 3, 'HR@5': '0.0470', 'NDCG@5': '0.0308', 'HR@10': '0.0707', 'NDCG@10': '0.0385', 'HR@20': '0.1036', 'NDCG@20': '0.0467'}
2026-07-08 11:35:46,024 - Validation score increased.  Saving model ...
2026-07-08 11:36:06,539 - {'epoch': 4, 'rec_loss': '7.7270'}
2026-07-08 11:36:11,400 - {'Epoch': 4, 'HR@5': '0.0573', 'NDCG@5': '0.0400', 'HR@10': '0.0842', 'NDCG@10': '0.0486', 'HR@20': '0.1194', 'NDCG@20': '0.0575'}
2026-07-08 11:36:11,401 - Validation score increased.  Saving model ...
2026-07-08 11:36:34,531 - {'epoch': 5, 'rec_loss': '7.5695'}
2026-07-08 11:36:40,103 - {'Epoch': 5, 'HR@5': '0.0663', 'NDCG@5': '0.0459', 'HR@10': '0.0935', 'NDCG@10': '0.0547', 'HR@20': '0.1295', 'NDCG@20': '0.0638'}
2026-07-08 11:36:40,105 - Validation score increased.  Saving model ...
2026-07-08 11:36:57,900 - {'epoch': 6, 'rec_loss': '7.4342'}
2026-07-08 11:37:03,450 - {'Epoch': 6, 'HR@5': '0.0719', 'NDCG@5': '0.0494', 'HR@10': '0.1001', 'NDCG@10': '0.0585', 'HR@20': '0.1350', 'NDCG@20': '0.0673'}
2026-07-08 11:37:03,451 - Validation score increased.  Saving model ...
2026-07-08 11:37:26,175 - {'epoch': 7, 'rec_loss': '7.3219'}
2026-07-08 11:37:31,213 - {'Epoch': 7, 'HR@5': '0.0756', 'NDCG@5': '0.0528', 'HR@10': '0.1046', 'NDCG@10': '0.0622', 'HR@20': '0.1413', 'NDCG@20': '0.0714'}
2026-07-08 11:37:31,214 - Validation score increased.  Saving model ...
2026-07-08 11:37:52,598 - {'epoch': 8, 'rec_loss': '7.2269'}
2026-07-08 11:37:57,875 - {'Epoch': 8, 'HR@5': '0.0777', 'NDCG@5': '0.0552', 'HR@10': '0.1079', 'NDCG@10': '0.0649', 'HR@20': '0.1438', 'NDCG@20': '0.0740'}
2026-07-08 11:37:57,877 - Validation score increased.  Saving model ...
2026-07-08 11:38:17,112 - {'epoch': 9, 'rec_loss': '7.1438'}
2026-07-08 11:38:22,132 - {'Epoch': 9, 'HR@5': '0.0791', 'NDCG@5': '0.0566', 'HR@10': '0.1084', 'NDCG@10': '0.0660', 'HR@20': '0.1468', 'NDCG@20': '0.0756'}
2026-07-08 11:38:22,133 - Validation score increased.  Saving model ...
2026-07-08 11:38:45,387 - {'epoch': 10, 'rec_loss': '7.0685'}
2026-07-08 11:38:50,937 - {'Epoch': 10, 'HR@5': '0.0804', 'NDCG@5': '0.0577', 'HR@10': '0.1110', 'NDCG@10': '0.0675', 'HR@20': '0.1484', 'NDCG@20': '0.0769'}
2026-07-08 11:38:50,938 - Validation score increased.  Saving model ...
2026-07-08 11:39:08,254 - {'epoch': 11, 'rec_loss': '7.0117'}
2026-07-08 11:39:13,779 - {'Epoch': 11, 'HR@5': '0.0825', 'NDCG@5': '0.0586', 'HR@10': '0.1118', 'NDCG@10': '0.0680', 'HR@20': '0.1501', 'NDCG@20': '0.0777'}
2026-07-08 11:39:13,780 - Validation score increased.  Saving model ...
2026-07-08 11:39:36,692 - {'epoch': 12, 'rec_loss': '6.9587'}
2026-07-08 11:39:41,635 - {'Epoch': 12, 'HR@5': '0.0828', 'NDCG@5': '0.0592', 'HR@10': '0.1125', 'NDCG@10': '0.0688', 'HR@20': '0.1514', 'NDCG@20': '0.0785'}
2026-07-08 11:39:41,636 - Validation score increased.  Saving model ...
2026-07-08 11:40:02,966 - {'epoch': 13, 'rec_loss': '6.9164'}
2026-07-08 11:40:08,547 - {'Epoch': 13, 'HR@5': '0.0816', 'NDCG@5': '0.0587', 'HR@10': '0.1113', 'NDCG@10': '0.0683', 'HR@20': '0.1500', 'NDCG@20': '0.0781'}
2026-07-08 11:40:08,548 - EarlyStopping counter: 1 out of 10
2026-07-08 11:40:27,456 - {'epoch': 14, 'rec_loss': '6.8805'}
2026-07-08 11:40:32,488 - {'Epoch': 14, 'HR@5': '0.0818', 'NDCG@5': '0.0584', 'HR@10': '0.1140', 'NDCG@10': '0.0688', 'HR@20': '0.1530', 'NDCG@20': '0.0786'}
2026-07-08 11:40:32,489 - Validation score increased.  Saving model ...
2026-07-08 11:40:55,903 - {'epoch': 15, 'rec_loss': '6.8453'}
2026-07-08 11:41:01,493 - {'Epoch': 15, 'HR@5': '0.0847', 'NDCG@5': '0.0605', 'HR@10': '0.1145', 'NDCG@10': '0.0701', 'HR@20': '0.1526', 'NDCG@20': '0.0796'}
2026-07-08 11:41:01,495 - Validation score increased.  Saving model ...
2026-07-08 11:41:18,792 - {'epoch': 16, 'rec_loss': '6.8185'}
2026-07-08 11:41:24,302 - {'Epoch': 16, 'HR@5': '0.0859', 'NDCG@5': '0.0615', 'HR@10': '0.1146', 'NDCG@10': '0.0708', 'HR@20': '0.1536', 'NDCG@20': '0.0806'}
2026-07-08 11:41:24,303 - Validation score increased.  Saving model ...
2026-07-08 11:41:47,057 - {'epoch': 17, 'rec_loss': '6.7961'}
2026-07-08 11:41:52,007 - {'Epoch': 17, 'HR@5': '0.0842', 'NDCG@5': '0.0607', 'HR@10': '0.1147', 'NDCG@10': '0.0705', 'HR@20': '0.1530', 'NDCG@20': '0.0801'}
2026-07-08 11:41:52,010 - EarlyStopping counter: 1 out of 10
2026-07-08 11:42:13,175 - {'epoch': 18, 'rec_loss': '6.7764'}
2026-07-08 11:42:18,613 - {'Epoch': 18, 'HR@5': '0.0842', 'NDCG@5': '0.0601', 'HR@10': '0.1135', 'NDCG@10': '0.0696', 'HR@20': '0.1540', 'NDCG@20': '0.0798'}
2026-07-08 11:42:18,614 - EarlyStopping counter: 2 out of 10
2026-07-08 11:42:37,535 - {'epoch': 19, 'rec_loss': '6.7517'}
2026-07-08 11:42:42,653 - {'Epoch': 19, 'HR@5': '0.0846', 'NDCG@5': '0.0605', 'HR@10': '0.1155', 'NDCG@10': '0.0705', 'HR@20': '0.1547', 'NDCG@20': '0.0804'}
2026-07-08 11:42:42,654 - EarlyStopping counter: 3 out of 10
2026-07-08 11:43:06,060 - {'epoch': 20, 'rec_loss': '6.7352'}
2026-07-08 11:43:11,582 - {'Epoch': 20, 'HR@5': '0.0851', 'NDCG@5': '0.0601', 'HR@10': '0.1171', 'NDCG@10': '0.0704', 'HR@20': '0.1565', 'NDCG@20': '0.0803'}
2026-07-08 11:43:11,583 - EarlyStopping counter: 4 out of 10
2026-07-08 11:43:30,097 - {'epoch': 21, 'rec_loss': '6.7149'}
2026-07-08 11:43:35,213 - {'Epoch': 21, 'HR@5': '0.0841', 'NDCG@5': '0.0601', 'HR@10': '0.1166', 'NDCG@10': '0.0706', 'HR@20': '0.1562', 'NDCG@20': '0.0806'}
2026-07-08 11:43:35,215 - EarlyStopping counter: 5 out of 10
2026-07-08 11:43:56,866 - {'epoch': 22, 'rec_loss': '6.7005'}
2026-07-08 11:44:01,955 - {'Epoch': 22, 'HR@5': '0.0863', 'NDCG@5': '0.0616', 'HR@10': '0.1172', 'NDCG@10': '0.0716', 'HR@20': '0.1562', 'NDCG@20': '0.0814'}
2026-07-08 11:44:01,957 - Validation score increased.  Saving model ...
2026-07-08 11:44:23,566 - {'epoch': 23, 'rec_loss': '6.6830'}
2026-07-08 11:44:29,049 - {'Epoch': 23, 'HR@5': '0.0846', 'NDCG@5': '0.0603', 'HR@10': '0.1160', 'NDCG@10': '0.0704', 'HR@20': '0.1576', 'NDCG@20': '0.0808'}
2026-07-08 11:44:29,050 - EarlyStopping counter: 1 out of 10
2026-07-08 11:44:47,551 - {'epoch': 24, 'rec_loss': '6.6734'}
2026-07-08 11:44:52,860 - {'Epoch': 24, 'HR@5': '0.0850', 'NDCG@5': '0.0609', 'HR@10': '0.1159', 'NDCG@10': '0.0709', 'HR@20': '0.1555', 'NDCG@20': '0.0808'}
2026-07-08 11:44:52,862 - EarlyStopping counter: 2 out of 10
2026-07-08 11:45:16,579 - {'epoch': 25, 'rec_loss': '6.6592'}
2026-07-08 11:45:21,756 - {'Epoch': 25, 'HR@5': '0.0845', 'NDCG@5': '0.0600', 'HR@10': '0.1160', 'NDCG@10': '0.0702', 'HR@20': '0.1566', 'NDCG@20': '0.0804'}
2026-07-08 11:45:21,757 - EarlyStopping counter: 3 out of 10
2026-07-08 11:45:41,735 - {'epoch': 26, 'rec_loss': '6.6492'}
2026-07-08 11:45:47,463 - {'Epoch': 26, 'HR@5': '0.0851', 'NDCG@5': '0.0608', 'HR@10': '0.1176', 'NDCG@10': '0.0713', 'HR@20': '0.1586', 'NDCG@20': '0.0816'}
2026-07-08 11:45:47,464 - Validation score increased.  Saving model ...
2026-07-08 11:46:07,697 - {'epoch': 27, 'rec_loss': '6.6396'}
2026-07-08 11:46:12,568 - {'Epoch': 27, 'HR@5': '0.0874', 'NDCG@5': '0.0616', 'HR@10': '0.1184', 'NDCG@10': '0.0716', 'HR@20': '0.1583', 'NDCG@20': '0.0817'}
2026-07-08 11:46:12,570 - Validation score increased.  Saving model ...
2026-07-08 11:46:36,196 - {'epoch': 28, 'rec_loss': '6.6241'}
2026-07-08 11:46:41,262 - {'Epoch': 28, 'HR@5': '0.0851', 'NDCG@5': '0.0606', 'HR@10': '0.1174', 'NDCG@10': '0.0710', 'HR@20': '0.1581', 'NDCG@20': '0.0813'}
2026-07-08 11:46:41,264 - EarlyStopping counter: 1 out of 10
2026-07-08 11:46:59,055 - {'epoch': 29, 'rec_loss': '6.6175'}
2026-07-08 11:47:04,670 - {'Epoch': 29, 'HR@5': '0.0848', 'NDCG@5': '0.0605', 'HR@10': '0.1160', 'NDCG@10': '0.0706', 'HR@20': '0.1566', 'NDCG@20': '0.0809'}
2026-07-08 11:47:04,671 - EarlyStopping counter: 2 out of 10
2026-07-08 11:47:26,865 - {'epoch': 30, 'rec_loss': '6.6093'}
2026-07-08 11:47:32,021 - {'Epoch': 30, 'HR@5': '0.0865', 'NDCG@5': '0.0613', 'HR@10': '0.1192', 'NDCG@10': '0.0718', 'HR@20': '0.1587', 'NDCG@20': '0.0818'}
2026-07-08 11:47:32,022 - Validation score increased.  Saving model ...
2026-07-08 11:47:53,113 - {'epoch': 31, 'rec_loss': '6.5998'}
2026-07-08 11:47:58,642 - {'Epoch': 31, 'HR@5': '0.0859', 'NDCG@5': '0.0609', 'HR@10': '0.1188', 'NDCG@10': '0.0715', 'HR@20': '0.1587', 'NDCG@20': '0.0816'}
2026-07-08 11:47:58,643 - EarlyStopping counter: 1 out of 10
2026-07-08 11:48:18,025 - {'epoch': 32, 'rec_loss': '6.5897'}
2026-07-08 11:48:22,939 - {'Epoch': 32, 'HR@5': '0.0861', 'NDCG@5': '0.0617', 'HR@10': '0.1191', 'NDCG@10': '0.0723', 'HR@20': '0.1592', 'NDCG@20': '0.0824'}
2026-07-08 11:48:22,940 - Validation score increased.  Saving model ...
2026-07-08 11:48:46,179 - {'epoch': 33, 'rec_loss': '6.5797'}
2026-07-08 11:48:51,603 - {'Epoch': 33, 'HR@5': '0.0868', 'NDCG@5': '0.0626', 'HR@10': '0.1188', 'NDCG@10': '0.0729', 'HR@20': '0.1592', 'NDCG@20': '0.0831'}
2026-07-08 11:48:51,604 - Validation score increased.  Saving model ...
2026-07-08 11:49:10,182 - {'epoch': 34, 'rec_loss': '6.5761'}
2026-07-08 11:49:15,877 - {'Epoch': 34, 'HR@5': '0.0863', 'NDCG@5': '0.0614', 'HR@10': '0.1190', 'NDCG@10': '0.0720', 'HR@20': '0.1600', 'NDCG@20': '0.0823'}
2026-07-08 11:49:15,879 - EarlyStopping counter: 1 out of 10
2026-07-08 11:49:37,437 - {'epoch': 35, 'rec_loss': '6.5704'}
2026-07-08 11:49:42,582 - {'Epoch': 35, 'HR@5': '0.0847', 'NDCG@5': '0.0600', 'HR@10': '0.1185', 'NDCG@10': '0.0709', 'HR@20': '0.1594', 'NDCG@20': '0.0812'}
2026-07-08 11:49:42,584 - EarlyStopping counter: 2 out of 10
2026-07-08 11:50:05,003 - {'epoch': 36, 'rec_loss': '6.5602'}
2026-07-08 11:50:10,153 - {'Epoch': 36, 'HR@5': '0.0875', 'NDCG@5': '0.0623', 'HR@10': '0.1182', 'NDCG@10': '0.0722', 'HR@20': '0.1591', 'NDCG@20': '0.0825'}
2026-07-08 11:50:10,155 - EarlyStopping counter: 3 out of 10
2026-07-08 11:50:28,285 - {'epoch': 37, 'rec_loss': '6.5546'}
2026-07-08 11:50:33,978 - {'Epoch': 37, 'HR@5': '0.0873', 'NDCG@5': '0.0623', 'HR@10': '0.1192', 'NDCG@10': '0.0726', 'HR@20': '0.1584', 'NDCG@20': '0.0825'}
2026-07-08 11:50:33,980 - EarlyStopping counter: 4 out of 10
2026-07-08 11:50:57,338 - {'epoch': 38, 'rec_loss': '6.5445'}
2026-07-08 11:51:02,591 - {'Epoch': 38, 'HR@5': '0.0862', 'NDCG@5': '0.0612', 'HR@10': '0.1195', 'NDCG@10': '0.0719', 'HR@20': '0.1599', 'NDCG@20': '0.0820'}
2026-07-08 11:51:02,592 - EarlyStopping counter: 5 out of 10
2026-07-08 11:51:21,228 - {'epoch': 39, 'rec_loss': '6.5376'}
2026-07-08 11:51:26,881 - {'Epoch': 39, 'HR@5': '0.0873', 'NDCG@5': '0.0623', 'HR@10': '0.1199', 'NDCG@10': '0.0728', 'HR@20': '0.1600', 'NDCG@20': '0.0828'}
2026-07-08 11:51:26,882 - EarlyStopping counter: 6 out of 10
2026-07-08 11:51:47,941 - {'epoch': 40, 'rec_loss': '6.5326'}
2026-07-08 11:51:52,848 - {'Epoch': 40, 'HR@5': '0.0872', 'NDCG@5': '0.0618', 'HR@10': '0.1181', 'NDCG@10': '0.0718', 'HR@20': '0.1606', 'NDCG@20': '0.0824'}
2026-07-08 11:51:52,849 - EarlyStopping counter: 7 out of 10
2026-07-08 11:52:16,036 - {'epoch': 41, 'rec_loss': '6.5321'}
2026-07-08 11:52:21,381 - {'Epoch': 41, 'HR@5': '0.0868', 'NDCG@5': '0.0620', 'HR@10': '0.1196', 'NDCG@10': '0.0726', 'HR@20': '0.1614', 'NDCG@20': '0.0831'}
2026-07-08 11:52:21,383 - EarlyStopping counter: 8 out of 10
2026-07-08 11:52:38,464 - {'epoch': 42, 'rec_loss': '6.5228'}
2026-07-08 11:52:44,112 - {'Epoch': 42, 'HR@5': '0.0866', 'NDCG@5': '0.0619', 'HR@10': '0.1185', 'NDCG@10': '0.0721', 'HR@20': '0.1609', 'NDCG@20': '0.0828'}
2026-07-08 11:52:44,113 - EarlyStopping counter: 9 out of 10
2026-07-08 11:53:07,502 - {'epoch': 43, 'rec_loss': '6.5140'}
2026-07-08 11:53:12,801 - {'Epoch': 43, 'HR@5': '0.0868', 'NDCG@5': '0.0616', 'HR@10': '0.1188', 'NDCG@10': '0.0719', 'HR@20': '0.1604', 'NDCG@20': '0.0823'}
2026-07-08 11:53:12,804 - EarlyStopping counter: 10 out of 10
2026-07-08 11:53:12,804 - Early stopping
2026-07-08 11:53:12,804 - ---------------Test Score---------------
2026-07-08 11:53:17,839 - {'Epoch': 0, 'HR@5': '0.0700', 'NDCG@5': '0.0501', 'HR@10': '0.0964', 'NDCG@10': '0.0586', 'HR@20': '0.1305', 'NDCG@20': '0.0672'}
2026-07-08 11:53:17,841 - BSARec_iPCMv3_SFNS_Beauty_final
2026-07-08 11:53:17,841 - {'Epoch': 0, 'HR@5': '0.0700', 'NDCG@5': '0.0501', 'HR@10': '0.0964', 'NDCG@10': '0.0586', 'HR@20': '0.1305', 'NDCG@20': '0.0672'}
2026-07-08 12:16:47,914 - Namespace(data_dir='./data/', output_dir='output/', data_name='Beauty', do_eval=False, load_model=None, train_name='BSARec_iPCMv3_SFNS_Beauty_final', num_items=10, num_users=22364, lr=0.0005, batch_size=256, epochs=200, no_cuda=False, log_freq=1, patience=10, num_workers=4, seed=42, weight_decay=0.0, adam_beta1=0.9, adam_beta2=0.999, gpu_id='0', variance=5, model_type='BSARec', max_seq_length=50, hidden_size=64, num_hidden_layers=2, hidden_act='gelu', num_attention_heads=1, attention_probs_dropout_prob=0.5, hidden_dropout_prob=0.5, initializer_range=0.02, c=7, alpha=0.3, ipcm=True, ipcm_lambda=0.001, ipcm_tau=0.2, ipcm_window_size=20, ipcm_neg_mode='sfns', ipcm_sfns_candidates=40, ipcm_sfns_rho=0.95, ipcm_no_gate=False, ipcm_high_freq_only=False, ipcm_gate=True, cuda_condition=True, data_file='./data/Beauty.txt', item_size=12102, checkpoint_path='output/BSARec_iPCMv3_SFNS_Beauty_final.pt', same_target_path='./data/Beauty_same_target.npy')
2026-07-08 12:16:47,936 - BSARecModel(
  (item_embeddings): Embedding(12102, 64, padding_idx=0)
  (position_embeddings): Embedding(50, 64)
  (LayerNorm): LayerNorm()
  (dropout): Dropout(p=0.5, inplace=False)
  (item_encoder): BSARecEncoder(
    (blocks): ModuleList(
      (0-1): 2 x BSARecBlock(
        (layer): BSARecLayer(
          (filter_layer): FrequencyLayer(
            (out_dropout): Dropout(p=0.5, inplace=False)
            (LayerNorm): LayerNorm()
          )
          (attention_layer): MultiHeadAttention(
            (query): Linear(in_features=64, out_features=64, bias=True)
            (key): Linear(in_features=64, out_features=64, bias=True)
            (value): Linear(in_features=64, out_features=64, bias=True)
            (softmax): Softmax(dim=-1)
            (attn_dropout): Dropout(p=0.5, inplace=False)
            (dense): Linear(in_features=64, out_features=64, bias=True)
            (LayerNorm): LayerNorm((64,), eps=1e-12, elementwise_affine=True, bias=True)
            (out_dropout): Dropout(p=0.5, inplace=False)
          )
        )
        (feed_forward): FeedForward(
          (dense_1): Linear(in_features=64, out_features=256, bias=True)
          (dense_2): Linear(in_features=256, out_features=64, bias=True)
          (LayerNorm): LayerNorm()
          (dropout): Dropout(p=0.5, inplace=False)
        )
      )
    )
  )
)
2026-07-08 12:16:49,288 - Total Parameters: 878208
2026-07-08 12:17:02,693 - {'epoch': 0, 'rec_loss': '8.8567'}
2026-07-08 12:17:07,334 - {'Epoch': 0, 'HR@5': '0.0114', 'NDCG@5': '0.0073', 'HR@10': '0.0220', 'NDCG@10': '0.0107', 'HR@20': '0.0357', 'NDCG@20': '0.0142'}
2026-07-08 12:17:07,335 - Validation score increased.  Saving model ...
2026-07-08 12:17:19,891 - {'epoch': 1, 'rec_loss': '8.4367'}
2026-07-08 12:17:24,571 - {'Epoch': 1, 'HR@5': '0.0216', 'NDCG@5': '0.0135', 'HR@10': '0.0389', 'NDCG@10': '0.0191', 'HR@20': '0.0578', 'NDCG@20': '0.0238'}
2026-07-08 12:17:24,572 - Validation score increased.  Saving model ...
2026-07-08 12:17:37,364 - {'epoch': 2, 'rec_loss': '8.1661'}
2026-07-08 12:17:41,964 - {'Epoch': 2, 'HR@5': '0.0356', 'NDCG@5': '0.0231', 'HR@10': '0.0539', 'NDCG@10': '0.0290', 'HR@20': '0.0798', 'NDCG@20': '0.0355'}
2026-07-08 12:17:41,965 - Validation score increased.  Saving model ...
2026-07-08 12:17:54,414 - {'epoch': 3, 'rec_loss': '7.9189'}
2026-07-08 12:17:59,056 - {'Epoch': 3, 'HR@5': '0.0470', 'NDCG@5': '0.0308', 'HR@10': '0.0706', 'NDCG@10': '0.0384', 'HR@20': '0.1036', 'NDCG@20': '0.0467'}
2026-07-08 12:17:59,060 - Validation score increased.  Saving model ...
2026-07-08 12:18:11,830 - {'epoch': 4, 'rec_loss': '7.7270'}
2026-07-08 12:18:16,398 - {'Epoch': 4, 'HR@5': '0.0573', 'NDCG@5': '0.0400', 'HR@10': '0.0842', 'NDCG@10': '0.0486', 'HR@20': '0.1194', 'NDCG@20': '0.0575'}
2026-07-08 12:18:16,399 - Validation score increased.  Saving model ...
2026-07-08 12:18:28,752 - {'epoch': 5, 'rec_loss': '7.5695'}
2026-07-08 12:18:33,425 - {'Epoch': 5, 'HR@5': '0.0662', 'NDCG@5': '0.0459', 'HR@10': '0.0935', 'NDCG@10': '0.0547', 'HR@20': '0.1294', 'NDCG@20': '0.0637'}
2026-07-08 12:18:33,430 - Validation score increased.  Saving model ...
2026-07-08 12:18:45,991 - {'epoch': 6, 'rec_loss': '7.4342'}
2026-07-08 12:18:50,446 - {'Epoch': 6, 'HR@5': '0.0718', 'NDCG@5': '0.0494', 'HR@10': '0.1001', 'NDCG@10': '0.0585', 'HR@20': '0.1350', 'NDCG@20': '0.0672'}
2026-07-08 12:18:50,447 - Validation score increased.  Saving model ...
2026-07-08 12:19:02,829 - {'epoch': 7, 'rec_loss': '7.3219'}
2026-07-08 12:19:07,665 - {'Epoch': 7, 'HR@5': '0.0756', 'NDCG@5': '0.0528', 'HR@10': '0.1046', 'NDCG@10': '0.0622', 'HR@20': '0.1413', 'NDCG@20': '0.0714'}
2026-07-08 12:19:07,667 - Validation score increased.  Saving model ...
2026-07-08 12:19:20,404 - {'epoch': 8, 'rec_loss': '7.2269'}
2026-07-08 12:19:24,916 - {'Epoch': 8, 'HR@5': '0.0777', 'NDCG@5': '0.0552', 'HR@10': '0.1078', 'NDCG@10': '0.0649', 'HR@20': '0.1438', 'NDCG@20': '0.0740'}
2026-07-08 12:19:24,917 - Validation score increased.  Saving model ...
2026-07-08 12:19:37,279 - {'epoch': 9, 'rec_loss': '7.1438'}
2026-07-08 12:19:41,917 - {'Epoch': 9, 'HR@5': '0.0791', 'NDCG@5': '0.0566', 'HR@10': '0.1084', 'NDCG@10': '0.0660', 'HR@20': '0.1468', 'NDCG@20': '0.0756'}
2026-07-08 12:19:41,919 - Validation score increased.  Saving model ...
2026-07-08 12:19:54,756 - {'epoch': 10, 'rec_loss': '7.0685'}
2026-07-08 12:19:59,318 - {'Epoch': 10, 'HR@5': '0.0804', 'NDCG@5': '0.0576', 'HR@10': '0.1109', 'NDCG@10': '0.0675', 'HR@20': '0.1483', 'NDCG@20': '0.0769'}
2026-07-08 12:19:59,320 - Validation score increased.  Saving model ...
2026-07-08 12:20:11,824 - {'epoch': 11, 'rec_loss': '7.0117'}
2026-07-08 12:20:16,678 - {'Epoch': 11, 'HR@5': '0.0824', 'NDCG@5': '0.0586', 'HR@10': '0.1117', 'NDCG@10': '0.0680', 'HR@20': '0.1498', 'NDCG@20': '0.0776'}
2026-07-08 12:20:16,680 - Validation score increased.  Saving model ...
2026-07-08 12:20:29,557 - {'epoch': 12, 'rec_loss': '6.9588'}
2026-07-08 12:20:34,073 - {'Epoch': 12, 'HR@5': '0.0828', 'NDCG@5': '0.0592', 'HR@10': '0.1125', 'NDCG@10': '0.0688', 'HR@20': '0.1513', 'NDCG@20': '0.0785'}
2026-07-08 12:20:34,075 - Validation score increased.  Saving model ...
2026-07-08 12:20:46,557 - {'epoch': 13, 'rec_loss': '6.9164'}
2026-07-08 12:20:51,290 - {'Epoch': 13, 'HR@5': '0.0815', 'NDCG@5': '0.0587', 'HR@10': '0.1113', 'NDCG@10': '0.0683', 'HR@20': '0.1499', 'NDCG@20': '0.0781'}
2026-07-08 12:20:51,293 - EarlyStopping counter: 1 out of 10
2026-07-08 12:21:04,118 - {'epoch': 14, 'rec_loss': '6.8805'}
2026-07-08 12:21:08,838 - {'Epoch': 14, 'HR@5': '0.0818', 'NDCG@5': '0.0584', 'HR@10': '0.1138', 'NDCG@10': '0.0687', 'HR@20': '0.1528', 'NDCG@20': '0.0786'}
2026-07-08 12:21:08,839 - Validation score increased.  Saving model ...
2026-07-08 12:21:21,278 - {'epoch': 15, 'rec_loss': '6.8453'}
2026-07-08 12:21:25,823 - {'Epoch': 15, 'HR@5': '0.0846', 'NDCG@5': '0.0605', 'HR@10': '0.1143', 'NDCG@10': '0.0700', 'HR@20': '0.1526', 'NDCG@20': '0.0797'}
2026-07-08 12:21:25,824 - Validation score increased.  Saving model ...
2026-07-08 12:21:38,801 - {'epoch': 16, 'rec_loss': '6.8185'}
2026-07-08 12:21:43,685 - {'Epoch': 16, 'HR@5': '0.0859', 'NDCG@5': '0.0615', 'HR@10': '0.1146', 'NDCG@10': '0.0708', 'HR@20': '0.1536', 'NDCG@20': '0.0806'}
2026-07-08 12:21:43,687 - Validation score increased.  Saving model ...
2026-07-08 12:21:56,360 - {'epoch': 17, 'rec_loss': '6.7961'}
2026-07-08 12:22:01,102 - {'Epoch': 17, 'HR@5': '0.0841', 'NDCG@5': '0.0607', 'HR@10': '0.1146', 'NDCG@10': '0.0705', 'HR@20': '0.1529', 'NDCG@20': '0.0801'}
2026-07-08 12:22:01,113 - EarlyStopping counter: 1 out of 10
2026-07-08 12:22:14,341 - {'epoch': 18, 'rec_loss': '6.7764'}
2026-07-08 12:22:19,129 - {'Epoch': 18, 'HR@5': '0.0842', 'NDCG@5': '0.0601', 'HR@10': '0.1135', 'NDCG@10': '0.0696', 'HR@20': '0.1539', 'NDCG@20': '0.0797'}
2026-07-08 12:22:19,130 - EarlyStopping counter: 2 out of 10
2026-07-08 12:22:32,796 - {'epoch': 19, 'rec_loss': '6.7517'}
2026-07-08 12:22:37,439 - {'Epoch': 19, 'HR@5': '0.0846', 'NDCG@5': '0.0606', 'HR@10': '0.1155', 'NDCG@10': '0.0705', 'HR@20': '0.1548', 'NDCG@20': '0.0804'}
2026-07-08 12:22:37,441 - EarlyStopping counter: 3 out of 10
2026-07-08 12:22:50,626 - {'epoch': 20, 'rec_loss': '6.7352'}
2026-07-08 12:22:55,272 - {'Epoch': 20, 'HR@5': '0.0851', 'NDCG@5': '0.0601', 'HR@10': '0.1171', 'NDCG@10': '0.0704', 'HR@20': '0.1565', 'NDCG@20': '0.0803'}
2026-07-08 12:22:55,277 - EarlyStopping counter: 4 out of 10
2026-07-08 12:23:08,177 - {'epoch': 21, 'rec_loss': '6.7150'}
2026-07-08 12:23:12,809 - {'Epoch': 21, 'HR@5': '0.0840', 'NDCG@5': '0.0601', 'HR@10': '0.1166', 'NDCG@10': '0.0706', 'HR@20': '0.1562', 'NDCG@20': '0.0806'}
2026-07-08 12:23:12,810 - EarlyStopping counter: 5 out of 10
2026-07-08 12:23:25,991 - {'epoch': 22, 'rec_loss': '6.7005'}
2026-07-08 12:23:30,647 - {'Epoch': 22, 'HR@5': '0.0863', 'NDCG@5': '0.0616', 'HR@10': '0.1172', 'NDCG@10': '0.0716', 'HR@20': '0.1561', 'NDCG@20': '0.0814'}
2026-07-08 12:23:30,649 - Validation score increased.  Saving model ...
2026-07-08 12:23:43,734 - {'epoch': 23, 'rec_loss': '6.6830'}
2026-07-08 12:23:48,310 - {'Epoch': 23, 'HR@5': '0.0846', 'NDCG@5': '0.0603', 'HR@10': '0.1160', 'NDCG@10': '0.0704', 'HR@20': '0.1577', 'NDCG@20': '0.0808'}
2026-07-08 12:23:48,311 - EarlyStopping counter: 1 out of 10
2026-07-08 12:24:01,359 - {'epoch': 24, 'rec_loss': '6.6734'}
2026-07-08 12:24:06,079 - {'Epoch': 24, 'HR@5': '0.0850', 'NDCG@5': '0.0609', 'HR@10': '0.1159', 'NDCG@10': '0.0709', 'HR@20': '0.1556', 'NDCG@20': '0.0808'}
2026-07-08 12:24:06,081 - EarlyStopping counter: 2 out of 10
2026-07-08 12:24:19,335 - {'epoch': 25, 'rec_loss': '6.6592'}
2026-07-08 12:24:24,055 - {'Epoch': 25, 'HR@5': '0.0844', 'NDCG@5': '0.0600', 'HR@10': '0.1160', 'NDCG@10': '0.0702', 'HR@20': '0.1565', 'NDCG@20': '0.0804'}
2026-07-08 12:24:24,057 - EarlyStopping counter: 3 out of 10
2026-07-08 12:24:37,431 - {'epoch': 26, 'rec_loss': '6.6492'}
2026-07-08 12:24:42,057 - {'Epoch': 26, 'HR@5': '0.0850', 'NDCG@5': '0.0608', 'HR@10': '0.1175', 'NDCG@10': '0.0712', 'HR@20': '0.1584', 'NDCG@20': '0.0816'}
2026-07-08 12:24:42,058 - Validation score increased.  Saving model ...
2026-07-08 12:24:55,282 - {'epoch': 27, 'rec_loss': '6.6397'}
2026-07-08 12:24:59,845 - {'Epoch': 27, 'HR@5': '0.0873', 'NDCG@5': '0.0615', 'HR@10': '0.1184', 'NDCG@10': '0.0716', 'HR@20': '0.1583', 'NDCG@20': '0.0816'}
2026-07-08 12:24:59,846 - Validation score increased.  Saving model ...
2026-07-08 12:25:12,783 - {'epoch': 28, 'rec_loss': '6.6241'}
2026-07-08 12:25:17,431 - {'Epoch': 28, 'HR@5': '0.0851', 'NDCG@5': '0.0605', 'HR@10': '0.1173', 'NDCG@10': '0.0710', 'HR@20': '0.1582', 'NDCG@20': '0.0813'}
2026-07-08 12:25:17,432 - EarlyStopping counter: 1 out of 10
2026-07-08 12:25:30,366 - {'epoch': 29, 'rec_loss': '6.6175'}
2026-07-08 12:25:34,960 - {'Epoch': 29, 'HR@5': '0.0850', 'NDCG@5': '0.0606', 'HR@10': '0.1159', 'NDCG@10': '0.0706', 'HR@20': '0.1569', 'NDCG@20': '0.0810'}
2026-07-08 12:25:34,961 - EarlyStopping counter: 2 out of 10
2026-07-08 12:25:47,770 - {'epoch': 30, 'rec_loss': '6.6093'}
2026-07-08 12:25:52,361 - {'Epoch': 30, 'HR@5': '0.0863', 'NDCG@5': '0.0612', 'HR@10': '0.1193', 'NDCG@10': '0.0719', 'HR@20': '0.1586', 'NDCG@20': '0.0818'}
2026-07-08 12:25:52,363 - Validation score increased.  Saving model ...
2026-07-08 12:26:05,461 - {'epoch': 31, 'rec_loss': '6.5998'}
2026-07-08 12:26:10,170 - {'Epoch': 31, 'HR@5': '0.0858', 'NDCG@5': '0.0608', 'HR@10': '0.1188', 'NDCG@10': '0.0714', 'HR@20': '0.1587', 'NDCG@20': '0.0815'}
2026-07-08 12:26:10,171 - EarlyStopping counter: 1 out of 10
2026-07-08 12:26:22,994 - {'epoch': 32, 'rec_loss': '6.5897'}
2026-07-08 12:26:27,677 - {'Epoch': 32, 'HR@5': '0.0861', 'NDCG@5': '0.0617', 'HR@10': '0.1191', 'NDCG@10': '0.0723', 'HR@20': '0.1593', 'NDCG@20': '0.0824'}
2026-07-08 12:26:27,678 - Validation score increased.  Saving model ...
2026-07-08 12:26:41,013 - {'epoch': 33, 'rec_loss': '6.5797'}
2026-07-08 12:26:45,726 - {'Epoch': 33, 'HR@5': '0.0868', 'NDCG@5': '0.0626', 'HR@10': '0.1189', 'NDCG@10': '0.0729', 'HR@20': '0.1591', 'NDCG@20': '0.0830'}
2026-07-08 12:26:45,728 - Validation score increased.  Saving model ...
2026-07-08 12:26:58,967 - {'epoch': 34, 'rec_loss': '6.5761'}
2026-07-08 12:27:03,687 - {'Epoch': 34, 'HR@5': '0.0865', 'NDCG@5': '0.0615', 'HR@10': '0.1191', 'NDCG@10': '0.0720', 'HR@20': '0.1600', 'NDCG@20': '0.0824'}
2026-07-08 12:27:03,688 - EarlyStopping counter: 1 out of 10
2026-07-08 12:27:16,936 - {'epoch': 35, 'rec_loss': '6.5704'}
2026-07-08 12:27:21,562 - {'Epoch': 35, 'HR@5': '0.0847', 'NDCG@5': '0.0599', 'HR@10': '0.1184', 'NDCG@10': '0.0708', 'HR@20': '0.1596', 'NDCG@20': '0.0812'}
2026-07-08 12:27:21,563 - EarlyStopping counter: 2 out of 10
2026-07-08 12:27:34,453 - {'epoch': 36, 'rec_loss': '6.5603'}
2026-07-08 12:27:39,047 - {'Epoch': 36, 'HR@5': '0.0874', 'NDCG@5': '0.0622', 'HR@10': '0.1183', 'NDCG@10': '0.0722', 'HR@20': '0.1590', 'NDCG@20': '0.0825'}
2026-07-08 12:27:39,049 - EarlyStopping counter: 3 out of 10
2026-07-08 12:27:52,132 - {'epoch': 37, 'rec_loss': '6.5546'}
2026-07-08 12:27:57,045 - {'Epoch': 37, 'HR@5': '0.0872', 'NDCG@5': '0.0623', 'HR@10': '0.1191', 'NDCG@10': '0.0726', 'HR@20': '0.1586', 'NDCG@20': '0.0825'}
2026-07-08 12:27:57,046 - EarlyStopping counter: 4 out of 10
2026-07-08 12:28:10,051 - {'epoch': 38, 'rec_loss': '6.5445'}
2026-07-08 12:28:14,653 - {'Epoch': 38, 'HR@5': '0.0862', 'NDCG@5': '0.0612', 'HR@10': '0.1197', 'NDCG@10': '0.0720', 'HR@20': '0.1598', 'NDCG@20': '0.0821'}
2026-07-08 12:28:14,654 - EarlyStopping counter: 5 out of 10
2026-07-08 12:28:27,760 - {'epoch': 39, 'rec_loss': '6.5376'}
2026-07-08 12:28:32,363 - {'Epoch': 39, 'HR@5': '0.0874', 'NDCG@5': '0.0622', 'HR@10': '0.1198', 'NDCG@10': '0.0727', 'HR@20': '0.1600', 'NDCG@20': '0.0828'}
2026-07-08 12:28:32,364 - EarlyStopping counter: 6 out of 10
2026-07-08 12:28:45,278 - {'epoch': 40, 'rec_loss': '6.5326'}
2026-07-08 12:28:50,039 - {'Epoch': 40, 'HR@5': '0.0871', 'NDCG@5': '0.0617', 'HR@10': '0.1180', 'NDCG@10': '0.0717', 'HR@20': '0.1606', 'NDCG@20': '0.0824'}
2026-07-08 12:28:50,040 - EarlyStopping counter: 7 out of 10
2026-07-08 12:29:03,226 - {'epoch': 41, 'rec_loss': '6.5322'}
2026-07-08 12:29:07,856 - {'Epoch': 41, 'HR@5': '0.0867', 'NDCG@5': '0.0620', 'HR@10': '0.1194', 'NDCG@10': '0.0725', 'HR@20': '0.1613', 'NDCG@20': '0.0831'}
2026-07-08 12:29:07,858 - Validation score increased.  Saving model ...
2026-07-08 12:29:20,981 - {'epoch': 42, 'rec_loss': '6.5228'}
2026-07-08 12:29:25,787 - {'Epoch': 42, 'HR@5': '0.0866', 'NDCG@5': '0.0618', 'HR@10': '0.1185', 'NDCG@10': '0.0721', 'HR@20': '0.1608', 'NDCG@20': '0.0828'}
2026-07-08 12:29:25,788 - EarlyStopping counter: 1 out of 10
2026-07-08 12:29:39,002 - {'epoch': 43, 'rec_loss': '6.5140'}
2026-07-08 12:29:43,736 - {'Epoch': 43, 'HR@5': '0.0868', 'NDCG@5': '0.0615', 'HR@10': '0.1189', 'NDCG@10': '0.0718', 'HR@20': '0.1604', 'NDCG@20': '0.0823'}
2026-07-08 12:29:43,738 - EarlyStopping counter: 2 out of 10
2026-07-08 12:29:56,751 - {'epoch': 44, 'rec_loss': '6.5139'}
2026-07-08 12:30:01,393 - {'Epoch': 44, 'HR@5': '0.0868', 'NDCG@5': '0.0619', 'HR@10': '0.1199', 'NDCG@10': '0.0725', 'HR@20': '0.1595', 'NDCG@20': '0.0825'}
2026-07-08 12:30:01,394 - EarlyStopping counter: 3 out of 10
2026-07-08 12:30:14,479 - {'epoch': 45, 'rec_loss': '6.5043'}
2026-07-08 12:30:19,047 - {'Epoch': 45, 'HR@5': '0.0875', 'NDCG@5': '0.0623', 'HR@10': '0.1202', 'NDCG@10': '0.0729', 'HR@20': '0.1600', 'NDCG@20': '0.0830'}
2026-07-08 12:30:19,049 - EarlyStopping counter: 4 out of 10
2026-07-08 12:30:32,011 - {'epoch': 46, 'rec_loss': '6.4991'}
2026-07-08 12:30:36,610 - {'Epoch': 46, 'HR@5': '0.0869', 'NDCG@5': '0.0621', 'HR@10': '0.1199', 'NDCG@10': '0.0727', 'HR@20': '0.1609', 'NDCG@20': '0.0830'}
2026-07-08 12:30:36,611 - EarlyStopping counter: 5 out of 10
2026-07-08 12:30:49,659 - {'epoch': 47, 'rec_loss': '6.4959'}
2026-07-08 12:30:54,295 - {'Epoch': 47, 'HR@5': '0.0889', 'NDCG@5': '0.0630', 'HR@10': '0.1200', 'NDCG@10': '0.0730', 'HR@20': '0.1620', 'NDCG@20': '0.0836'}
2026-07-08 12:30:54,296 - Validation score increased.  Saving model ...
2026-07-08 12:31:07,301 - {'epoch': 48, 'rec_loss': '6.4931'}
2026-07-08 12:31:12,131 - {'Epoch': 48, 'HR@5': '0.0877', 'NDCG@5': '0.0626', 'HR@10': '0.1204', 'NDCG@10': '0.0731', 'HR@20': '0.1608', 'NDCG@20': '0.0833'}
2026-07-08 12:31:12,133 - EarlyStopping counter: 1 out of 10
2026-07-08 12:31:25,303 - {'epoch': 49, 'rec_loss': '6.4859'}
2026-07-08 12:31:30,015 - {'Epoch': 49, 'HR@5': '0.0872', 'NDCG@5': '0.0619', 'HR@10': '0.1184', 'NDCG@10': '0.0720', 'HR@20': '0.1604', 'NDCG@20': '0.0826'}
2026-07-08 12:31:30,016 - EarlyStopping counter: 2 out of 10
2026-07-08 12:31:43,253 - {'epoch': 50, 'rec_loss': '6.4827'}
2026-07-08 12:31:48,024 - {'Epoch': 50, 'HR@5': '0.0874', 'NDCG@5': '0.0625', 'HR@10': '0.1203', 'NDCG@10': '0.0731', 'HR@20': '0.1612', 'NDCG@20': '0.0833'}
2026-07-08 12:31:48,028 - EarlyStopping counter: 3 out of 10
2026-07-08 12:32:01,254 - {'epoch': 51, 'rec_loss': '6.4764'}
2026-07-08 12:32:06,172 - {'Epoch': 51, 'HR@5': '0.0882', 'NDCG@5': '0.0626', 'HR@10': '0.1203', 'NDCG@10': '0.0730', 'HR@20': '0.1607', 'NDCG@20': '0.0831'}
2026-07-08 12:32:06,173 - EarlyStopping counter: 4 out of 10
2026-07-08 12:32:19,093 - {'epoch': 52, 'rec_loss': '6.4745'}
2026-07-08 12:32:23,745 - {'Epoch': 52, 'HR@5': '0.0878', 'NDCG@5': '0.0622', 'HR@10': '0.1182', 'NDCG@10': '0.0720', 'HR@20': '0.1606', 'NDCG@20': '0.0827'}
2026-07-08 12:32:23,746 - EarlyStopping counter: 5 out of 10
2026-07-08 12:32:36,872 - {'epoch': 53, 'rec_loss': '6.4713'}
2026-07-08 12:32:41,442 - {'Epoch': 53, 'HR@5': '0.0875', 'NDCG@5': '0.0620', 'HR@10': '0.1189', 'NDCG@10': '0.0721', 'HR@20': '0.1606', 'NDCG@20': '0.0826'}
2026-07-08 12:32:41,443 - EarlyStopping counter: 6 out of 10
2026-07-08 12:32:54,472 - {'epoch': 54, 'rec_loss': '6.4705'}
2026-07-08 12:32:59,079 - {'Epoch': 54, 'HR@5': '0.0868', 'NDCG@5': '0.0614', 'HR@10': '0.1189', 'NDCG@10': '0.0718', 'HR@20': '0.1610', 'NDCG@20': '0.0824'}
2026-07-08 12:32:59,080 - EarlyStopping counter: 7 out of 10
2026-07-08 12:33:12,062 - {'epoch': 55, 'rec_loss': '6.4649'}
2026-07-08 12:33:16,796 - {'Epoch': 55, 'HR@5': '0.0886', 'NDCG@5': '0.0629', 'HR@10': '0.1207', 'NDCG@10': '0.0732', 'HR@20': '0.1629', 'NDCG@20': '0.0838'}
2026-07-08 12:33:16,797 - Validation score increased.  Saving model ...
2026-07-08 12:33:29,720 - {'epoch': 56, 'rec_loss': '6.4595'}
2026-07-08 12:33:34,254 - {'Epoch': 56, 'HR@5': '0.0882', 'NDCG@5': '0.0624', 'HR@10': '0.1201', 'NDCG@10': '0.0726', 'HR@20': '0.1633', 'NDCG@20': '0.0835'}
2026-07-08 12:33:34,256 - EarlyStopping counter: 1 out of 10
2026-07-08 12:33:47,375 - {'epoch': 57, 'rec_loss': '6.4502'}
2026-07-08 12:33:52,062 - {'Epoch': 57, 'HR@5': '0.0882', 'NDCG@5': '0.0627', 'HR@10': '0.1190', 'NDCG@10': '0.0726', 'HR@20': '0.1625', 'NDCG@20': '0.0835'}
2026-07-08 12:33:52,063 - EarlyStopping counter: 2 out of 10
2026-07-08 12:34:05,223 - {'epoch': 58, 'rec_loss': '6.4491'}
2026-07-08 12:34:09,900 - {'Epoch': 58, 'HR@5': '0.0871', 'NDCG@5': '0.0620', 'HR@10': '0.1195', 'NDCG@10': '0.0724', 'HR@20': '0.1616', 'NDCG@20': '0.0830'}
2026-07-08 12:34:09,901 - EarlyStopping counter: 3 out of 10
2026-07-08 12:34:23,101 - {'epoch': 59, 'rec_loss': '6.4438'}
2026-07-08 12:34:27,837 - {'Epoch': 59, 'HR@5': '0.0874', 'NDCG@5': '0.0623', 'HR@10': '0.1196', 'NDCG@10': '0.0727', 'HR@20': '0.1626', 'NDCG@20': '0.0835'}
2026-07-08 12:34:27,839 - EarlyStopping counter: 4 out of 10
2026-07-08 12:34:41,010 - {'epoch': 60, 'rec_loss': '6.4446'}
2026-07-08 12:34:45,633 - {'Epoch': 60, 'HR@5': '0.0888', 'NDCG@5': '0.0628', 'HR@10': '0.1191', 'NDCG@10': '0.0726', 'HR@20': '0.1614', 'NDCG@20': '0.0832'}
2026-07-08 12:34:45,635 - EarlyStopping counter: 5 out of 10
2026-07-08 12:34:58,693 - {'epoch': 61, 'rec_loss': '6.4395'}
2026-07-08 12:35:03,292 - {'Epoch': 61, 'HR@5': '0.0882', 'NDCG@5': '0.0628', 'HR@10': '0.1205', 'NDCG@10': '0.0732', 'HR@20': '0.1601', 'NDCG@20': '0.0831'}
2026-07-08 12:35:03,293 - EarlyStopping counter: 6 out of 10
2026-07-08 12:35:16,252 - {'epoch': 62, 'rec_loss': '6.4344'}
2026-07-08 12:35:20,883 - {'Epoch': 62, 'HR@5': '0.0882', 'NDCG@5': '0.0625', 'HR@10': '0.1205', 'NDCG@10': '0.0730', 'HR@20': '0.1609', 'NDCG@20': '0.0831'}
2026-07-08 12:35:20,885 - EarlyStopping counter: 7 out of 10
2026-07-08 12:35:33,948 - {'epoch': 63, 'rec_loss': '6.4310'}
2026-07-08 12:35:38,464 - {'Epoch': 63, 'HR@5': '0.0875', 'NDCG@5': '0.0625', 'HR@10': '0.1202', 'NDCG@10': '0.0730', 'HR@20': '0.1614', 'NDCG@20': '0.0833'}
2026-07-08 12:35:38,465 - EarlyStopping counter: 8 out of 10
2026-07-08 12:35:51,520 - {'epoch': 64, 'rec_loss': '6.4298'}
2026-07-08 12:35:56,107 - {'Epoch': 64, 'HR@5': '0.0894', 'NDCG@5': '0.0632', 'HR@10': '0.1213', 'NDCG@10': '0.0735', 'HR@20': '0.1645', 'NDCG@20': '0.0843'}
2026-07-08 12:35:56,108 - Validation score increased.  Saving model ...
2026-07-08 12:36:09,292 - {'epoch': 65, 'rec_loss': '6.4253'}
2026-07-08 12:36:14,015 - {'Epoch': 65, 'HR@5': '0.0872', 'NDCG@5': '0.0621', 'HR@10': '0.1194', 'NDCG@10': '0.0725', 'HR@20': '0.1627', 'NDCG@20': '0.0834'}
2026-07-08 12:36:14,020 - EarlyStopping counter: 1 out of 10
2026-07-08 12:36:27,194 - {'epoch': 66, 'rec_loss': '6.4220'}
2026-07-08 12:36:31,902 - {'Epoch': 66, 'HR@5': '0.0877', 'NDCG@5': '0.0629', 'HR@10': '0.1208', 'NDCG@10': '0.0736', 'HR@20': '0.1642', 'NDCG@20': '0.0845'}
2026-07-08 12:36:31,903 - Validation score increased.  Saving model ...
2026-07-08 12:36:45,147 - {'epoch': 67, 'rec_loss': '6.4214'}
2026-07-08 12:36:49,808 - {'Epoch': 67, 'HR@5': '0.0878', 'NDCG@5': '0.0627', 'HR@10': '0.1214', 'NDCG@10': '0.0735', 'HR@20': '0.1638', 'NDCG@20': '0.0842'}
2026-07-08 12:36:49,809 - EarlyStopping counter: 1 out of 10
2026-07-08 12:37:02,956 - {'epoch': 68, 'rec_loss': '6.4159'}
2026-07-08 12:37:07,572 - {'Epoch': 68, 'HR@5': '0.0875', 'NDCG@5': '0.0627', 'HR@10': '0.1215', 'NDCG@10': '0.0737', 'HR@20': '0.1635', 'NDCG@20': '0.0842'}
2026-07-08 12:37:07,574 - EarlyStopping counter: 2 out of 10
2026-07-08 12:37:20,548 - {'epoch': 69, 'rec_loss': '6.4168'}
2026-07-08 12:37:25,384 - {'Epoch': 69, 'HR@5': '0.0892', 'NDCG@5': '0.0634', 'HR@10': '0.1204', 'NDCG@10': '0.0735', 'HR@20': '0.1638', 'NDCG@20': '0.0844'}
2026-07-08 12:37:25,385 - EarlyStopping counter: 3 out of 10
2026-07-08 12:37:38,359 - {'epoch': 70, 'rec_loss': '6.4122'}
2026-07-08 12:37:42,961 - {'Epoch': 70, 'HR@5': '0.0890', 'NDCG@5': '0.0630', 'HR@10': '0.1205', 'NDCG@10': '0.0731', 'HR@20': '0.1636', 'NDCG@20': '0.0840'}
2026-07-08 12:37:42,962 - EarlyStopping counter: 4 out of 10
2026-07-08 12:37:55,993 - {'epoch': 71, 'rec_loss': '6.4115'}
2026-07-08 12:38:00,627 - {'Epoch': 71, 'HR@5': '0.0873', 'NDCG@5': '0.0621', 'HR@10': '0.1203', 'NDCG@10': '0.0727', 'HR@20': '0.1633', 'NDCG@20': '0.0835'}
2026-07-08 12:38:00,629 - EarlyStopping counter: 5 out of 10
2026-07-08 12:38:13,517 - {'epoch': 72, 'rec_loss': '6.4019'}
2026-07-08 12:38:18,130 - {'Epoch': 72, 'HR@5': '0.0880', 'NDCG@5': '0.0630', 'HR@10': '0.1189', 'NDCG@10': '0.0729', 'HR@20': '0.1628', 'NDCG@20': '0.0840'}
2026-07-08 12:38:18,131 - EarlyStopping counter: 6 out of 10
2026-07-08 12:38:31,067 - {'epoch': 73, 'rec_loss': '6.4009'}
2026-07-08 12:38:35,725 - {'Epoch': 73, 'HR@5': '0.0879', 'NDCG@5': '0.0621', 'HR@10': '0.1202', 'NDCG@10': '0.0725', 'HR@20': '0.1632', 'NDCG@20': '0.0834'}
2026-07-08 12:38:35,727 - EarlyStopping counter: 7 out of 10
2026-07-08 12:38:48,888 - {'epoch': 74, 'rec_loss': '6.4038'}
2026-07-08 12:38:53,573 - {'Epoch': 74, 'HR@5': '0.0886', 'NDCG@5': '0.0635', 'HR@10': '0.1198', 'NDCG@10': '0.0735', 'HR@20': '0.1646', 'NDCG@20': '0.0848'}
2026-07-08 12:38:53,574 - Validation score increased.  Saving model ...
2026-07-08 12:39:06,767 - {'epoch': 75, 'rec_loss': '6.4020'}
2026-07-08 12:39:11,448 - {'Epoch': 75, 'HR@5': '0.0875', 'NDCG@5': '0.0625', 'HR@10': '0.1202', 'NDCG@10': '0.0731', 'HR@20': '0.1634', 'NDCG@20': '0.0839'}
2026-07-08 12:39:11,449 - EarlyStopping counter: 1 out of 10
2026-07-08 12:39:24,563 - {'epoch': 76, 'rec_loss': '6.3958'}
2026-07-08 12:39:29,149 - {'Epoch': 76, 'HR@5': '0.0890', 'NDCG@5': '0.0631', 'HR@10': '0.1189', 'NDCG@10': '0.0727', 'HR@20': '0.1641', 'NDCG@20': '0.0841'}
2026-07-08 12:39:29,150 - EarlyStopping counter: 2 out of 10
2026-07-08 12:39:42,059 - {'epoch': 77, 'rec_loss': '6.3911'}
2026-07-08 12:39:46,720 - {'Epoch': 77, 'HR@5': '0.0887', 'NDCG@5': '0.0625', 'HR@10': '0.1205', 'NDCG@10': '0.0728', 'HR@20': '0.1639', 'NDCG@20': '0.0837'}
2026-07-08 12:39:46,722 - EarlyStopping counter: 3 out of 10
2026-07-08 12:39:59,799 - {'epoch': 78, 'rec_loss': '6.3935'}
2026-07-08 12:40:04,457 - {'Epoch': 78, 'HR@5': '0.0899', 'NDCG@5': '0.0634', 'HR@10': '0.1212', 'NDCG@10': '0.0734', 'HR@20': '0.1648', 'NDCG@20': '0.0844'}
2026-07-08 12:40:04,459 - EarlyStopping counter: 4 out of 10
2026-07-08 12:40:17,345 - {'epoch': 79, 'rec_loss': '6.3892'}
2026-07-08 12:40:21,917 - {'Epoch': 79, 'HR@5': '0.0886', 'NDCG@5': '0.0629', 'HR@10': '0.1212', 'NDCG@10': '0.0735', 'HR@20': '0.1634', 'NDCG@20': '0.0841'}
2026-07-08 12:40:21,918 - EarlyStopping counter: 5 out of 10
2026-07-08 12:40:34,882 - {'epoch': 80, 'rec_loss': '6.3842'}
2026-07-08 12:40:39,517 - {'Epoch': 80, 'HR@5': '0.0880', 'NDCG@5': '0.0626', 'HR@10': '0.1199', 'NDCG@10': '0.0729', 'HR@20': '0.1616', 'NDCG@20': '0.0834'}
2026-07-08 12:40:39,518 - EarlyStopping counter: 6 out of 10
2026-07-08 12:40:52,448 - {'epoch': 81, 'rec_loss': '6.3813'}
2026-07-08 12:40:57,120 - {'Epoch': 81, 'HR@5': '0.0875', 'NDCG@5': '0.0622', 'HR@10': '0.1203', 'NDCG@10': '0.0728', 'HR@20': '0.1615', 'NDCG@20': '0.0831'}
2026-07-08 12:40:57,122 - EarlyStopping counter: 7 out of 10
2026-07-08 12:41:10,295 - {'epoch': 82, 'rec_loss': '6.3787'}
2026-07-08 12:41:14,990 - {'Epoch': 82, 'HR@5': '0.0884', 'NDCG@5': '0.0630', 'HR@10': '0.1214', 'NDCG@10': '0.0736', 'HR@20': '0.1638', 'NDCG@20': '0.0843'}
2026-07-08 12:41:14,991 - EarlyStopping counter: 8 out of 10
2026-07-08 12:41:28,185 - {'epoch': 83, 'rec_loss': '6.3790'}
2026-07-08 12:41:32,909 - {'Epoch': 83, 'HR@5': '0.0879', 'NDCG@5': '0.0623', 'HR@10': '0.1203', 'NDCG@10': '0.0728', 'HR@20': '0.1623', 'NDCG@20': '0.0834'}
2026-07-08 12:41:32,910 - EarlyStopping counter: 9 out of 10
2026-07-08 12:41:46,319 - {'epoch': 84, 'rec_loss': '6.3755'}
2026-07-08 12:41:50,962 - {'Epoch': 84, 'HR@5': '0.0882', 'NDCG@5': '0.0628', 'HR@10': '0.1207', 'NDCG@10': '0.0732', 'HR@20': '0.1625', 'NDCG@20': '0.0838'}
2026-07-08 12:41:50,964 - EarlyStopping counter: 10 out of 10
2026-07-08 12:41:50,964 - Early stopping
2026-07-08 12:41:50,964 - ---------------Test Score---------------
2026-07-08 12:41:55,608 - {'Epoch': 0, 'HR@5': '0.0717', 'NDCG@5': '0.0515', 'HR@10': '0.0991', 'NDCG@10': '0.0603', 'HR@20': '0.1350', 'NDCG@20': '0.0693'}
2026-07-08 12:41:55,610 - BSARec_iPCMv3_SFNS_Beauty_final
2026-07-08 12:41:55,610 - {'Epoch': 0, 'HR@5': '0.0717', 'NDCG@5': '0.0515', 'HR@10': '0.0991', 'NDCG@10': '0.0603', 'HR@20': '0.1350', 'NDCG@20': '0.0693'}
