2026-07-08 11:34:00,197 - Namespace(data_dir='./data/', output_dir='output/', data_name='Sports_and_Outdoors', do_eval=False, load_model=None, train_name='BSARec_iPCMv3_SFNS_Sports_final', num_items=10, num_users=35599, lr=0.001, batch_size=256, epochs=200, no_cuda=False, log_freq=1, patience=10, num_workers=4, seed=42, weight_decay=0.0, adam_beta1=0.9, adam_beta2=0.999, gpu_id='0', variance=5, model_type='BSARec', max_seq_length=50, hidden_size=64, num_hidden_layers=2, hidden_act='gelu', num_attention_heads=4, attention_probs_dropout_prob=0.5, hidden_dropout_prob=0.5, initializer_range=0.02, c=3, alpha=0.7, ipcm=True, ipcm_lambda=0.001, ipcm_tau=0.2, ipcm_window_size=20, ipcm_neg_mode='sfns', ipcm_sfns_candidates=10, ipcm_sfns_rho=0.95, ipcm_no_gate=False, ipcm_high_freq_only=False, ipcm_gate=True, cuda_condition=True, data_file='./data/Sports_and_Outdoors.txt', item_size=18358, checkpoint_path='output/BSARec_iPCMv3_SFNS_Sports_final.pt', same_target_path='./data/Sports_and_Outdoors_same_target.npy')
2026-07-08 11:34:00,221 - BSARecModel(
  (item_embeddings): Embedding(18358, 64, padding_idx=0)
  (position_embeddings): Embedding(50, 64)
  (LayerNorm): LayerNorm()
  (dropout): Dropout(p=0.5, inplace=False)
  (item_encoder): BSARecEncoder(
    (blocks): ModuleList(
      (0-1): 2 x BSARecBlock(
        (layer): BSARecLayer(
          (filter_layer): FrequencyLayer(
            (out_dropout): Dropout(p=0.5, inplace=False)
            (LayerNorm): LayerNorm()
          )
          (attention_layer): MultiHeadAttention(
            (query): Linear(in_features=64, out_features=64, bias=True)
            (key): Linear(in_features=64, out_features=64, bias=True)
            (value): Linear(in_features=64, out_features=64, bias=True)
            (softmax): Softmax(dim=-1)
            (attn_dropout): Dropout(p=0.5, inplace=False)
            (dense): Linear(in_features=64, out_features=64, bias=True)
            (LayerNorm): LayerNorm((64,), eps=1e-12, elementwise_affine=True, bias=True)
            (out_dropout): Dropout(p=0.5, inplace=False)
          )
        )
        (feed_forward): FeedForward(
          (dense_1): Linear(in_features=64, out_features=256, bias=True)
          (dense_2): Linear(in_features=256, out_features=64, bias=True)
          (LayerNorm): LayerNorm()
          (dropout): Dropout(p=0.5, inplace=False)
        )
      )
    )
  )
)
2026-07-08 11:34:01,728 - Total Parameters: 1278592
2026-07-08 11:34:33,729 - {'epoch': 0, 'rec_loss': '9.3388'}
2026-07-08 11:34:45,746 - {'Epoch': 0, 'HR@5': '0.0124', 'NDCG@5': '0.0078', 'HR@10': '0.0205', 'NDCG@10': '0.0104', 'HR@20': '0.0336', 'NDCG@20': '0.0137'}
2026-07-08 11:34:45,747 - Validation score increased.  Saving model ...
2026-07-08 11:35:16,752 - {'epoch': 1, 'rec_loss': '8.9300'}
2026-07-08 11:35:27,674 - {'Epoch': 1, 'HR@5': '0.0188', 'NDCG@5': '0.0121', 'HR@10': '0.0295', 'NDCG@10': '0.0155', 'HR@20': '0.0472', 'NDCG@20': '0.0200'}
2026-07-08 11:35:27,675 - Validation score increased.  Saving model ...
2026-07-08 11:35:59,196 - {'epoch': 2, 'rec_loss': '8.7239'}
2026-07-08 11:36:10,803 - {'Epoch': 2, 'HR@5': '0.0213', 'NDCG@5': '0.0136', 'HR@10': '0.0350', 'NDCG@10': '0.0180', 'HR@20': '0.0554', 'NDCG@20': '0.0231'}
2026-07-08 11:36:10,804 - Validation score increased.  Saving model ...
2026-07-08 11:36:42,299 - {'epoch': 3, 'rec_loss': '8.5652'}
2026-07-08 11:36:53,024 - {'Epoch': 3, 'HR@5': '0.0268', 'NDCG@5': '0.0176', 'HR@10': '0.0429', 'NDCG@10': '0.0227', 'HR@20': '0.0649', 'NDCG@20': '0.0282'}
2026-07-08 11:36:53,025 - Validation score increased.  Saving model ...
2026-07-08 11:37:24,993 - {'epoch': 4, 'rec_loss': '8.4153'}
2026-07-08 11:37:36,849 - {'Epoch': 4, 'HR@5': '0.0314', 'NDCG@5': '0.0210', 'HR@10': '0.0477', 'NDCG@10': '0.0262', 'HR@20': '0.0728', 'NDCG@20': '0.0326'}
2026-07-08 11:37:36,850 - Validation score increased.  Saving model ...
2026-07-08 11:38:08,481 - {'epoch': 5, 'rec_loss': '8.2771'}
2026-07-08 11:38:20,679 - {'Epoch': 5, 'HR@5': '0.0380', 'NDCG@5': '0.0259', 'HR@10': '0.0564', 'NDCG@10': '0.0318', 'HR@20': '0.0817', 'NDCG@20': '0.0382'}
2026-07-08 11:38:20,681 - Validation score increased.  Saving model ...
2026-07-08 11:38:52,054 - {'epoch': 6, 'rec_loss': '8.1473'}
2026-07-08 11:39:04,039 - {'Epoch': 6, 'HR@5': '0.0394', 'NDCG@5': '0.0269', 'HR@10': '0.0585', 'NDCG@10': '0.0330', 'HR@20': '0.0864', 'NDCG@20': '0.0401'}
2026-07-08 11:39:04,041 - Validation score increased.  Saving model ...
2026-07-08 11:39:35,686 - {'epoch': 7, 'rec_loss': '8.0332'}
2026-07-08 11:39:46,829 - {'Epoch': 7, 'HR@5': '0.0435', 'NDCG@5': '0.0302', 'HR@10': '0.0640', 'NDCG@10': '0.0368', 'HR@20': '0.0906', 'NDCG@20': '0.0434'}
2026-07-08 11:39:46,831 - Validation score increased.  Saving model ...
2026-07-08 11:40:18,656 - {'epoch': 8, 'rec_loss': '7.9339'}
2026-07-08 11:40:31,044 - {'Epoch': 8, 'HR@5': '0.0440', 'NDCG@5': '0.0308', 'HR@10': '0.0647', 'NDCG@10': '0.0375', 'HR@20': '0.0917', 'NDCG@20': '0.0443'}
2026-07-08 11:40:31,045 - Validation score increased.  Saving model ...
2026-07-08 11:41:02,338 - {'epoch': 9, 'rec_loss': '7.8527'}
2026-07-08 11:41:14,059 - {'Epoch': 9, 'HR@5': '0.0450', 'NDCG@5': '0.0313', 'HR@10': '0.0647', 'NDCG@10': '0.0376', 'HR@20': '0.0933', 'NDCG@20': '0.0448'}
2026-07-08 11:41:14,060 - Validation score increased.  Saving model ...
2026-07-08 11:41:45,701 - {'epoch': 10, 'rec_loss': '7.7848'}
2026-07-08 11:41:57,078 - {'Epoch': 10, 'HR@5': '0.0463', 'NDCG@5': '0.0323', 'HR@10': '0.0674', 'NDCG@10': '0.0391', 'HR@20': '0.0952', 'NDCG@20': '0.0461'}
2026-07-08 11:41:57,080 - Validation score increased.  Saving model ...
2026-07-08 11:42:28,615 - {'epoch': 11, 'rec_loss': '7.7286'}
2026-07-08 11:42:40,380 - {'Epoch': 11, 'HR@5': '0.0465', 'NDCG@5': '0.0321', 'HR@10': '0.0673', 'NDCG@10': '0.0388', 'HR@20': '0.0967', 'NDCG@20': '0.0462'}
2026-07-08 11:42:40,382 - Validation score increased.  Saving model ...
2026-07-08 11:43:10,810 - {'epoch': 12, 'rec_loss': '7.6773'}
2026-07-08 11:43:23,412 - {'Epoch': 12, 'HR@5': '0.0471', 'NDCG@5': '0.0327', 'HR@10': '0.0683', 'NDCG@10': '0.0396', 'HR@20': '0.0964', 'NDCG@20': '0.0466'}
2026-07-08 11:43:23,413 - Validation score increased.  Saving model ...
2026-07-08 11:43:54,267 - {'epoch': 13, 'rec_loss': '7.6383'}
2026-07-08 11:44:05,776 - {'Epoch': 13, 'HR@5': '0.0486', 'NDCG@5': '0.0340', 'HR@10': '0.0692', 'NDCG@10': '0.0406', 'HR@20': '0.0978', 'NDCG@20': '0.0478'}
2026-07-08 11:44:05,778 - Validation score increased.  Saving model ...
2026-07-08 11:44:36,587 - {'epoch': 14, 'rec_loss': '7.6019'}
2026-07-08 11:44:48,489 - {'Epoch': 14, 'HR@5': '0.0471', 'NDCG@5': '0.0325', 'HR@10': '0.0687', 'NDCG@10': '0.0395', 'HR@20': '0.0983', 'NDCG@20': '0.0469'}
2026-07-08 11:44:48,490 - EarlyStopping counter: 1 out of 10
2026-07-08 11:45:18,334 - {'epoch': 15, 'rec_loss': '7.5707'}
2026-07-08 11:45:29,767 - {'Epoch': 15, 'HR@5': '0.0480', 'NDCG@5': '0.0338', 'HR@10': '0.0704', 'NDCG@10': '0.0410', 'HR@20': '0.1003', 'NDCG@20': '0.0485'}
2026-07-08 11:45:29,769 - Validation score increased.  Saving model ...
2026-07-08 11:46:00,092 - {'epoch': 16, 'rec_loss': '7.5440'}
2026-07-08 11:46:12,008 - {'Epoch': 16, 'HR@5': '0.0476', 'NDCG@5': '0.0337', 'HR@10': '0.0694', 'NDCG@10': '0.0407', 'HR@20': '0.0987', 'NDCG@20': '0.0480'}
2026-07-08 11:46:12,009 - EarlyStopping counter: 1 out of 10
2026-07-08 11:46:41,736 - {'epoch': 17, 'rec_loss': '7.5176'}
2026-07-08 11:46:54,427 - {'Epoch': 17, 'HR@5': '0.0483', 'NDCG@5': '0.0341', 'HR@10': '0.0708', 'NDCG@10': '0.0413', 'HR@20': '0.0995', 'NDCG@20': '0.0485'}
2026-07-08 11:46:54,428 - EarlyStopping counter: 2 out of 10
2026-07-08 11:47:24,825 - {'epoch': 18, 'rec_loss': '7.4966'}
2026-07-08 11:47:36,678 - {'Epoch': 18, 'HR@5': '0.0481', 'NDCG@5': '0.0338', 'HR@10': '0.0702', 'NDCG@10': '0.0408', 'HR@20': '0.0996', 'NDCG@20': '0.0482'}
2026-07-08 11:47:36,680 - EarlyStopping counter: 3 out of 10
2026-07-08 11:48:07,704 - {'epoch': 19, 'rec_loss': '7.4748'}
2026-07-08 11:48:19,668 - {'Epoch': 19, 'HR@5': '0.0494', 'NDCG@5': '0.0344', 'HR@10': '0.0706', 'NDCG@10': '0.0412', 'HR@20': '0.0993', 'NDCG@20': '0.0485'}
2026-07-08 11:48:19,669 - EarlyStopping counter: 4 out of 10
2026-07-08 11:48:49,751 - {'epoch': 20, 'rec_loss': '7.4586'}
2026-07-08 11:49:01,804 - {'Epoch': 20, 'HR@5': '0.0500', 'NDCG@5': '0.0348', 'HR@10': '0.0720', 'NDCG@10': '0.0418', 'HR@20': '0.1007', 'NDCG@20': '0.0491'}
2026-07-08 11:49:01,806 - Validation score increased.  Saving model ...
2026-07-08 11:49:33,091 - {'epoch': 21, 'rec_loss': '7.4381'}
2026-07-08 11:49:44,990 - {'Epoch': 21, 'HR@5': '0.0487', 'NDCG@5': '0.0342', 'HR@10': '0.0719', 'NDCG@10': '0.0416', 'HR@20': '0.1009', 'NDCG@20': '0.0489'}
2026-07-08 11:49:44,992 - EarlyStopping counter: 1 out of 10
2026-07-08 11:50:16,669 - {'epoch': 22, 'rec_loss': '7.4261'}
2026-07-08 11:50:28,583 - {'Epoch': 22, 'HR@5': '0.0494', 'NDCG@5': '0.0346', 'HR@10': '0.0711', 'NDCG@10': '0.0415', 'HR@20': '0.0994', 'NDCG@20': '0.0487'}
2026-07-08 11:50:28,585 - EarlyStopping counter: 2 out of 10
2026-07-08 11:50:59,563 - {'epoch': 23, 'rec_loss': '7.4086'}
2026-07-08 11:51:10,509 - {'Epoch': 23, 'HR@5': '0.0486', 'NDCG@5': '0.0342', 'HR@10': '0.0707', 'NDCG@10': '0.0413', 'HR@20': '0.1000', 'NDCG@20': '0.0487'}
2026-07-08 11:51:10,511 - EarlyStopping counter: 3 out of 10
2026-07-08 11:51:42,426 - {'epoch': 24, 'rec_loss': '7.3933'}
2026-07-08 11:51:54,047 - {'Epoch': 24, 'HR@5': '0.0499', 'NDCG@5': '0.0349', 'HR@10': '0.0706', 'NDCG@10': '0.0415', 'HR@20': '0.1000', 'NDCG@20': '0.0489'}
2026-07-08 11:51:54,049 - EarlyStopping counter: 4 out of 10
2026-07-08 11:52:25,667 - {'epoch': 25, 'rec_loss': '7.3811'}
2026-07-08 11:52:38,190 - {'Epoch': 25, 'HR@5': '0.0500', 'NDCG@5': '0.0350', 'HR@10': '0.0720', 'NDCG@10': '0.0421', 'HR@20': '0.1004', 'NDCG@20': '0.0492'}
2026-07-08 11:52:38,191 - Validation score increased.  Saving model ...
2026-07-08 11:53:09,697 - {'epoch': 26, 'rec_loss': '7.3685'}
2026-07-08 11:53:20,858 - {'Epoch': 26, 'HR@5': '0.0496', 'NDCG@5': '0.0347', 'HR@10': '0.0708', 'NDCG@10': '0.0415', 'HR@20': '0.1003', 'NDCG@20': '0.0490'}
2026-07-08 11:53:20,860 - EarlyStopping counter: 1 out of 10
2026-07-08 11:53:43,346 - {'epoch': 27, 'rec_loss': '7.3573'}
2026-07-08 11:53:54,155 - {'Epoch': 27, 'HR@5': '0.0491', 'NDCG@5': '0.0343', 'HR@10': '0.0711', 'NDCG@10': '0.0414', 'HR@20': '0.1000', 'NDCG@20': '0.0487'}
2026-07-08 11:53:54,157 - EarlyStopping counter: 2 out of 10
2026-07-08 11:54:11,142 - {'epoch': 28, 'rec_loss': '7.3474'}
2026-07-08 11:54:21,661 - {'Epoch': 28, 'HR@5': '0.0490', 'NDCG@5': '0.0343', 'HR@10': '0.0708', 'NDCG@10': '0.0413', 'HR@20': '0.1001', 'NDCG@20': '0.0487'}
2026-07-08 11:54:21,662 - EarlyStopping counter: 3 out of 10
2026-07-08 11:54:38,569 - {'epoch': 29, 'rec_loss': '7.3357'}
2026-07-08 11:54:49,100 - {'Epoch': 29, 'HR@5': '0.0493', 'NDCG@5': '0.0344', 'HR@10': '0.0717', 'NDCG@10': '0.0417', 'HR@20': '0.1005', 'NDCG@20': '0.0489'}
2026-07-08 11:54:49,101 - EarlyStopping counter: 4 out of 10
2026-07-08 11:55:06,440 - {'epoch': 30, 'rec_loss': '7.3269'}
2026-07-08 11:55:17,158 - {'Epoch': 30, 'HR@5': '0.0505', 'NDCG@5': '0.0350', 'HR@10': '0.0711', 'NDCG@10': '0.0417', 'HR@20': '0.1016', 'NDCG@20': '0.0493'}
2026-07-08 11:55:17,160 - Validation score increased.  Saving model ...
2026-07-08 11:55:34,780 - {'epoch': 31, 'rec_loss': '7.3203'}
2026-07-08 11:55:45,512 - {'Epoch': 31, 'HR@5': '0.0496', 'NDCG@5': '0.0344', 'HR@10': '0.0707', 'NDCG@10': '0.0412', 'HR@20': '0.0983', 'NDCG@20': '0.0482'}
2026-07-08 11:55:45,513 - EarlyStopping counter: 1 out of 10
2026-07-08 11:56:02,321 - {'epoch': 32, 'rec_loss': '7.3106'}
2026-07-08 11:56:12,886 - {'Epoch': 32, 'HR@5': '0.0496', 'NDCG@5': '0.0342', 'HR@10': '0.0708', 'NDCG@10': '0.0410', 'HR@20': '0.0999', 'NDCG@20': '0.0483'}
2026-07-08 11:56:12,888 - EarlyStopping counter: 2 out of 10
2026-07-08 11:56:30,185 - {'epoch': 33, 'rec_loss': '7.3020'}
2026-07-08 11:56:40,669 - {'Epoch': 33, 'HR@5': '0.0493', 'NDCG@5': '0.0339', 'HR@10': '0.0707', 'NDCG@10': '0.0408', 'HR@20': '0.0997', 'NDCG@20': '0.0481'}
2026-07-08 11:56:40,670 - EarlyStopping counter: 3 out of 10
2026-07-08 11:56:57,945 - {'epoch': 34, 'rec_loss': '7.2939'}
2026-07-08 11:57:08,616 - {'Epoch': 34, 'HR@5': '0.0494', 'NDCG@5': '0.0342', 'HR@10': '0.0725', 'NDCG@10': '0.0417', 'HR@20': '0.1022', 'NDCG@20': '0.0491'}
2026-07-08 11:57:08,618 - EarlyStopping counter: 4 out of 10
2026-07-08 11:57:25,674 - {'epoch': 35, 'rec_loss': '7.2884'}
2026-07-08 11:57:36,588 - {'Epoch': 35, 'HR@5': '0.0503', 'NDCG@5': '0.0349', 'HR@10': '0.0716', 'NDCG@10': '0.0418', 'HR@20': '0.1020', 'NDCG@20': '0.0494'}
2026-07-08 11:57:36,589 - Validation score increased.  Saving model ...
2026-07-08 11:57:54,015 - {'epoch': 36, 'rec_loss': '7.2751'}
2026-07-08 11:58:04,679 - {'Epoch': 36, 'HR@5': '0.0492', 'NDCG@5': '0.0342', 'HR@10': '0.0717', 'NDCG@10': '0.0414', 'HR@20': '0.1016', 'NDCG@20': '0.0489'}
2026-07-08 11:58:04,680 - EarlyStopping counter: 1 out of 10
2026-07-08 11:58:21,899 - {'epoch': 37, 'rec_loss': '7.2714'}
2026-07-08 11:58:32,546 - {'Epoch': 37, 'HR@5': '0.0501', 'NDCG@5': '0.0349', 'HR@10': '0.0715', 'NDCG@10': '0.0418', 'HR@20': '0.1021', 'NDCG@20': '0.0496'}
2026-07-08 11:58:32,547 - Validation score increased.  Saving model ...
2026-07-08 11:58:49,421 - {'epoch': 38, 'rec_loss': '7.2666'}
2026-07-08 11:58:59,907 - {'Epoch': 38, 'HR@5': '0.0506', 'NDCG@5': '0.0349', 'HR@10': '0.0722', 'NDCG@10': '0.0418', 'HR@20': '0.1024', 'NDCG@20': '0.0494'}
2026-07-08 11:58:59,909 - EarlyStopping counter: 1 out of 10
2026-07-08 11:59:17,131 - {'epoch': 39, 'rec_loss': '7.2554'}
2026-07-08 11:59:27,520 - {'Epoch': 39, 'HR@5': '0.0498', 'NDCG@5': '0.0346', 'HR@10': '0.0726', 'NDCG@10': '0.0420', 'HR@20': '0.1019', 'NDCG@20': '0.0493'}
2026-07-08 11:59:27,521 - EarlyStopping counter: 2 out of 10
2026-07-08 11:59:44,616 - {'epoch': 40, 'rec_loss': '7.2488'}
2026-07-08 11:59:55,305 - {'Epoch': 40, 'HR@5': '0.0501', 'NDCG@5': '0.0351', 'HR@10': '0.0730', 'NDCG@10': '0.0425', 'HR@20': '0.1024', 'NDCG@20': '0.0499'}
2026-07-08 11:59:55,307 - Validation score increased.  Saving model ...
2026-07-08 12:00:13,462 - {'epoch': 41, 'rec_loss': '7.2439'}
2026-07-08 12:00:24,281 - {'Epoch': 41, 'HR@5': '0.0497', 'NDCG@5': '0.0345', 'HR@10': '0.0715', 'NDCG@10': '0.0415', 'HR@20': '0.1021', 'NDCG@20': '0.0492'}
2026-07-08 12:00:24,283 - EarlyStopping counter: 1 out of 10
2026-07-08 12:00:41,847 - {'epoch': 42, 'rec_loss': '7.2370'}
2026-07-08 12:00:52,467 - {'Epoch': 42, 'HR@5': '0.0496', 'NDCG@5': '0.0348', 'HR@10': '0.0715', 'NDCG@10': '0.0419', 'HR@20': '0.1008', 'NDCG@20': '0.0492'}
2026-07-08 12:00:52,468 - EarlyStopping counter: 2 out of 10
2026-07-08 12:01:09,739 - {'epoch': 43, 'rec_loss': '7.2302'}
2026-07-08 12:01:20,221 - {'Epoch': 43, 'HR@5': '0.0499', 'NDCG@5': '0.0346', 'HR@10': '0.0726', 'NDCG@10': '0.0419', 'HR@20': '0.1016', 'NDCG@20': '0.0492'}
2026-07-08 12:01:20,223 - EarlyStopping counter: 3 out of 10
2026-07-08 12:01:37,808 - {'epoch': 44, 'rec_loss': '7.2256'}
2026-07-08 12:01:48,500 - {'Epoch': 44, 'HR@5': '0.0496', 'NDCG@5': '0.0345', 'HR@10': '0.0716', 'NDCG@10': '0.0415', 'HR@20': '0.1009', 'NDCG@20': '0.0489'}
2026-07-08 12:01:48,501 - EarlyStopping counter: 4 out of 10
2026-07-08 12:02:06,036 - {'epoch': 45, 'rec_loss': '7.2190'}
2026-07-08 12:02:16,689 - {'Epoch': 45, 'HR@5': '0.0500', 'NDCG@5': '0.0347', 'HR@10': '0.0727', 'NDCG@10': '0.0420', 'HR@20': '0.1027', 'NDCG@20': '0.0495'}
2026-07-08 12:02:16,693 - EarlyStopping counter: 5 out of 10
2026-07-08 12:02:34,800 - {'epoch': 46, 'rec_loss': '7.2135'}
2026-07-08 12:02:45,683 - {'Epoch': 46, 'HR@5': '0.0503', 'NDCG@5': '0.0348', 'HR@10': '0.0715', 'NDCG@10': '0.0416', 'HR@20': '0.1022', 'NDCG@20': '0.0493'}
2026-07-08 12:02:45,684 - EarlyStopping counter: 6 out of 10
2026-07-08 12:03:04,007 - {'epoch': 47, 'rec_loss': '7.2092'}
2026-07-08 12:03:14,977 - {'Epoch': 47, 'HR@5': '0.0497', 'NDCG@5': '0.0344', 'HR@10': '0.0714', 'NDCG@10': '0.0413', 'HR@20': '0.1022', 'NDCG@20': '0.0491'}
2026-07-08 12:03:14,979 - EarlyStopping counter: 7 out of 10
2026-07-08 12:03:32,838 - {'epoch': 48, 'rec_loss': '7.2009'}
2026-07-08 12:03:43,289 - {'Epoch': 48, 'HR@5': '0.0502', 'NDCG@5': '0.0348', 'HR@10': '0.0725', 'NDCG@10': '0.0420', 'HR@20': '0.1029', 'NDCG@20': '0.0496'}
2026-07-08 12:03:43,292 - EarlyStopping counter: 8 out of 10
2026-07-08 12:04:00,582 - {'epoch': 49, 'rec_loss': '7.2011'}
2026-07-08 12:04:11,137 - {'Epoch': 49, 'HR@5': '0.0508', 'NDCG@5': '0.0351', 'HR@10': '0.0736', 'NDCG@10': '0.0425', 'HR@20': '0.1033', 'NDCG@20': '0.0499'}
2026-07-08 12:04:11,138 - Validation score increased.  Saving model ...
2026-07-08 12:04:28,342 - {'epoch': 50, 'rec_loss': '7.1967'}
2026-07-08 12:04:39,028 - {'Epoch': 50, 'HR@5': '0.0503', 'NDCG@5': '0.0350', 'HR@10': '0.0727', 'NDCG@10': '0.0422', 'HR@20': '0.1025', 'NDCG@20': '0.0497'}
2026-07-08 12:04:39,029 - EarlyStopping counter: 1 out of 10
2026-07-08 12:04:56,128 - {'epoch': 51, 'rec_loss': '7.1869'}
2026-07-08 12:05:06,946 - {'Epoch': 51, 'HR@5': '0.0494', 'NDCG@5': '0.0345', 'HR@10': '0.0726', 'NDCG@10': '0.0420', 'HR@20': '0.1020', 'NDCG@20': '0.0493'}
2026-07-08 12:05:06,948 - EarlyStopping counter: 2 out of 10
2026-07-08 12:05:25,005 - {'epoch': 52, 'rec_loss': '7.1847'}
2026-07-08 12:05:35,755 - {'Epoch': 52, 'HR@5': '0.0503', 'NDCG@5': '0.0350', 'HR@10': '0.0724', 'NDCG@10': '0.0421', 'HR@20': '0.1018', 'NDCG@20': '0.0496'}
2026-07-08 12:05:35,756 - EarlyStopping counter: 3 out of 10
2026-07-08 12:05:53,373 - {'epoch': 53, 'rec_loss': '7.1826'}
2026-07-08 12:06:03,917 - {'Epoch': 53, 'HR@5': '0.0510', 'NDCG@5': '0.0355', 'HR@10': '0.0726', 'NDCG@10': '0.0424', 'HR@20': '0.1024', 'NDCG@20': '0.0500'}
2026-07-08 12:06:03,919 - Validation score increased.  Saving model ...
2026-07-08 12:06:21,213 - {'epoch': 54, 'rec_loss': '7.1714'}
2026-07-08 12:06:31,603 - {'Epoch': 54, 'HR@5': '0.0490', 'NDCG@5': '0.0341', 'HR@10': '0.0716', 'NDCG@10': '0.0414', 'HR@20': '0.1011', 'NDCG@20': '0.0488'}
2026-07-08 12:06:31,604 - EarlyStopping counter: 1 out of 10
2026-07-08 12:06:48,673 - {'epoch': 55, 'rec_loss': '7.1689'}
2026-07-08 12:06:59,503 - {'Epoch': 55, 'HR@5': '0.0501', 'NDCG@5': '0.0348', 'HR@10': '0.0725', 'NDCG@10': '0.0420', 'HR@20': '0.1022', 'NDCG@20': '0.0494'}
2026-07-08 12:06:59,504 - EarlyStopping counter: 2 out of 10
2026-07-08 12:07:16,251 - {'epoch': 56, 'rec_loss': '7.1670'}
2026-07-08 12:07:27,117 - {'Epoch': 56, 'HR@5': '0.0510', 'NDCG@5': '0.0354', 'HR@10': '0.0729', 'NDCG@10': '0.0424', 'HR@20': '0.1022', 'NDCG@20': '0.0498'}
2026-07-08 12:07:27,119 - EarlyStopping counter: 3 out of 10
2026-07-08 12:07:44,804 - {'epoch': 57, 'rec_loss': '7.1615'}
2026-07-08 12:07:55,571 - {'Epoch': 57, 'HR@5': '0.0508', 'NDCG@5': '0.0351', 'HR@10': '0.0727', 'NDCG@10': '0.0422', 'HR@20': '0.1026', 'NDCG@20': '0.0497'}
2026-07-08 12:07:55,572 - EarlyStopping counter: 4 out of 10
2026-07-08 12:08:12,941 - {'epoch': 58, 'rec_loss': '7.1621'}
2026-07-08 12:08:23,285 - {'Epoch': 58, 'HR@5': '0.0499', 'NDCG@5': '0.0346', 'HR@10': '0.0721', 'NDCG@10': '0.0418', 'HR@20': '0.1032', 'NDCG@20': '0.0496'}
2026-07-08 12:08:23,287 - EarlyStopping counter: 5 out of 10
2026-07-08 12:08:40,006 - {'epoch': 59, 'rec_loss': '7.1520'}
2026-07-08 12:08:50,527 - {'Epoch': 59, 'HR@5': '0.0505', 'NDCG@5': '0.0347', 'HR@10': '0.0726', 'NDCG@10': '0.0417', 'HR@20': '0.1020', 'NDCG@20': '0.0491'}
2026-07-08 12:08:50,529 - EarlyStopping counter: 6 out of 10
2026-07-08 12:09:07,553 - {'epoch': 60, 'rec_loss': '7.1469'}
2026-07-08 12:09:18,209 - {'Epoch': 60, 'HR@5': '0.0501', 'NDCG@5': '0.0345', 'HR@10': '0.0723', 'NDCG@10': '0.0417', 'HR@20': '0.1023', 'NDCG@20': '0.0492'}
2026-07-08 12:09:18,210 - EarlyStopping counter: 7 out of 10
2026-07-08 12:09:35,325 - {'epoch': 61, 'rec_loss': '7.1488'}
2026-07-08 12:09:46,171 - {'Epoch': 61, 'HR@5': '0.0497', 'NDCG@5': '0.0343', 'HR@10': '0.0730', 'NDCG@10': '0.0418', 'HR@20': '0.1024', 'NDCG@20': '0.0492'}
2026-07-08 12:09:46,172 - EarlyStopping counter: 8 out of 10
2026-07-08 12:10:03,905 - {'epoch': 62, 'rec_loss': '7.1387'}
2026-07-08 12:10:14,885 - {'Epoch': 62, 'HR@5': '0.0511', 'NDCG@5': '0.0351', 'HR@10': '0.0741', 'NDCG@10': '0.0425', 'HR@20': '0.1024', 'NDCG@20': '0.0496'}
2026-07-08 12:10:14,887 - EarlyStopping counter: 9 out of 10
2026-07-08 12:10:32,430 - {'epoch': 63, 'rec_loss': '7.1361'}
2026-07-08 12:10:42,995 - {'Epoch': 63, 'HR@5': '0.0488', 'NDCG@5': '0.0340', 'HR@10': '0.0722', 'NDCG@10': '0.0415', 'HR@20': '0.1006', 'NDCG@20': '0.0487'}
2026-07-08 12:10:42,997 - EarlyStopping counter: 10 out of 10
2026-07-08 12:10:42,998 - Early stopping
2026-07-08 12:10:42,998 - ---------------Test Score---------------
2026-07-08 12:10:53,671 - {'Epoch': 0, 'HR@5': '0.0421', 'NDCG@5': '0.0292', 'HR@10': '0.0614', 'NDCG@10': '0.0354', 'HR@20': '0.0854', 'NDCG@20': '0.0414'}
2026-07-08 12:10:53,673 - BSARec_iPCMv3_SFNS_Sports_final
2026-07-08 12:10:53,673 - {'Epoch': 0, 'HR@5': '0.0421', 'NDCG@5': '0.0292', 'HR@10': '0.0614', 'NDCG@10': '0.0354', 'HR@20': '0.0854', 'NDCG@20': '0.0414'}
